<?xml version="1.0" encoding="UTF-8"?>
<!-- Generated by org.testng.reporters.JUnitReportReporter -->
<testsuite hostname="My-pc" name="testcases.VerifyLogin" tests="1" failures="0" timestamp="14 Mar 2017 04:15:47 GMT" time="25.012" errors="0">
  <testcase name="testHomePage" time="25.012" classname="testcases.VerifyLogin"/>
</testsuite> <!-- testcases.VerifyLogin -->
