<?xml version="1.0" encoding="UTF-8"?>
<!-- Generated by org.testng.reporters.JUnitReportReporter -->
<testsuite hostname="My-pc" name="testcases.VerifyLoginTakesScreenShot" tests="1" failures="0" timestamp="14 Mar 2017 04:14:31 GMT" time="23.839" errors="0">
  <testcase name="testHomePage" time="23.839" classname="testcases.VerifyLoginTakesScreenShot"/>
</testsuite> <!-- testcases.VerifyLoginTakesScreenShot -->
